[36mINFO[0m[0001] [Cards] Response time was 202.731 ms         
[36mINFO[0m[0001] [Cards] Response time was 330.49 ms          
[36mINFO[0m[0001] [Cards] Response time was 321.617 ms         
[36mINFO[0m[0001] [Cards] Response time was 392.461 ms         
[36mINFO[0m[0001] [Cards] Response time was 347.32 ms          
[36mINFO[0m[0003] [Cards] Response time was 319.89 ms          
[36mINFO[0m[0003] [Cards] Response time was 281.511 ms         
[36mINFO[0m[0003] [Cards] Response time was 293.434 ms         
[36mINFO[0m[0003] [Cards] Response time was 402.323 ms         
[36mINFO[0m[0003] [Cards] Response time was 1057.293 ms        
[36mINFO[0m[0004] [Cards] Response time was 313.044 ms         
[36mINFO[0m[0004] [Cards] Response time was 178.523 ms         
[36mINFO[0m[0004] [Cards] Response time was 302.385 ms         
[36mINFO[0m[0004] [Cards] Response time was 203.393 ms         
[36mINFO[0m[0005] [Cards] Response time was 400.786 ms         
[36mINFO[0m[0005] [Cards] Response time was 162.896 ms         
[36mINFO[0m[0005] [Cards] Response time was 298.722 ms         
[36mINFO[0m[0005] [Cards] Response time was 320.159 ms         
[36mINFO[0m[0005] [Cards] Response time was 181.198 ms         
[36mINFO[0m[0006] [Cards] Response time was 321.362 ms         
[36mINFO[0m[0006] [Cards] Response time was 296.226 ms         
[36mINFO[0m[0006] [Cards] Response time was 199.416 ms         
[36mINFO[0m[0007] [Cards] Response time was 340.781 ms         
[36mINFO[0m[0007] [Cards] Response time was 367.224 ms         
[36mINFO[0m[0008] [Cards] Response time was 407.646 ms         
[36mINFO[0m[0008] [Cards] Response time was 190.588 ms         
[36mINFO[0m[0008] [Cards] Response time was 344.245 ms         
[36mINFO[0m[0008] [Cards] Response time was 220.066 ms         
[36mINFO[0m[0008] [Cards] Response time was 285.912 ms         
[36mINFO[0m[0009] [Cards] Response time was 284.715 ms         
[36mINFO[0m[0009] [Cards] Response time was 277.494 ms         
[36mINFO[0m[0009] [Cards] Response time was 438.652 ms         
[36mINFO[0m[0009] [Cards] Response time was 307.185 ms         
[36mINFO[0m[0009] [Cards] Response time was 290.411 ms         
[36mINFO[0m[0010] [Cards] Response time was 393.373 ms         
[36mINFO[0m[0010] [Cards] Response time was 316.819 ms         
[36mINFO[0m[0010] [Cards] Response time was 299.803 ms         
[36mINFO[0m[0011] [Cards] Response time was 339.832 ms         
[36mINFO[0m[0011] [Cards] Response time was 881.317 ms         
[36mINFO[0m[0011] [Cards] Response time was 162.938 ms         
[36mINFO[0m[0012] [Cards] Response time was 174.343 ms         
[36mINFO[0m[0012] [Cards] Response time was 339.017 ms         
[36mINFO[0m[0012] [Cards] Response time was 180.917 ms         
[36mINFO[0m[0012] [Cards] Response time was 314.274 ms         
[36mINFO[0m[0013] [Cards] Response time was 206.582 ms         
[36mINFO[0m[0013] [Cards] Response time was 322.275 ms         
[36mINFO[0m[0013] [Cards] Response time was 351.375 ms         
[36mINFO[0m[0013] [Cards] Response time was 307.001 ms         
[36mINFO[0m[0014] [Cards] Response time was 384.749 ms         
[36mINFO[0m[0014] [Cards] Response time was 225.744 ms         
[36mINFO[0m[0014] [Cards] Response time was 226.212 ms         
[36mINFO[0m[0014] [Cards] Response time was 358.401 ms         
[36mINFO[0m[0015] [Cards] Response time was 655.271 ms         
[36mINFO[0m[0015] [Cards] Response time was 207.825 ms         
[36mINFO[0m[0015] [Cards] Response time was 268.41 ms          
[36mINFO[0m[0015] [Cards] Response time was 232.279 ms         
[36mINFO[0m[0016] [Cards] Response time was 395.942 ms         
[36mINFO[0m[0001] [Cards] Response time was 254.444 ms         
[36mINFO[0m[0001] [Cards] Response time was 266.6 ms           
[36mINFO[0m[0001] [Cards] Response time was 277.796 ms         
[36mINFO[0m[0001] [Cards] Response time was 310.94 ms          
[36mINFO[0m[0001] [Cards] Response time was 375.873 ms         
[36mINFO[0m[0002] [Cards] Response time was 273.605 ms         
[36mINFO[0m[0002] [Cards] Response time was 278.626 ms         
[36mINFO[0m[0002] [Cards] Response time was 301.277 ms         
[36mINFO[0m[0002] [Cards] Response time was 308.547 ms         
[36mINFO[0m[0002] [Cards] Response time was 317.126 ms         
[36mINFO[0m[0003] [Cards] Response time was 359.288 ms         
[36mINFO[0m[0003] [Cards] Response time was 383.185 ms         
[36mINFO[0m[0003] [Cards] Response time was 368.487 ms         
[36mINFO[0m[0003] [Cards] Response time was 339.426 ms         
[36mINFO[0m[0003] [Cards] Response time was 349.172 ms         
[36mINFO[0m[0005] [Cards] Response time was 177.651 ms         
[36mINFO[0m[0005] [Cards] Response time was 284.468 ms         
[36mINFO[0m[0005] [Cards] Response time was 268.382 ms         
[36mINFO[0m[0005] [Cards] Response time was 309.364 ms         
[36mINFO[0m[0005] [Cards] Response time was 291.342 ms         
[36mINFO[0m[0006] [Cards] Response time was 285.73 ms          
[36mINFO[0m[0006] [Cards] Response time was 206.651 ms         
[36mINFO[0m[0006] [Cards] Response time was 285.799 ms         
[36mINFO[0m[0006] [Cards] Response time was 279.062 ms         
[36mINFO[0m[0006] [Cards] Response time was 302.391 ms         
[36mINFO[0m[0007] [Cards] Response time was 379.245 ms         
[36mINFO[0m[0007] [Cards] Response time was 319.494 ms         
[36mINFO[0m[0007] [Cards] Response time was 338.89 ms          
[36mINFO[0m[0007] [Cards] Response time was 232.227 ms         
[36mINFO[0m[0007] [Cards] Response time was 299.966 ms         
[36mINFO[0m[0008] [Cards] Response time was 181.377 ms         
[36mINFO[0m[0009] [Cards] Response time was 297.098 ms         
[36mINFO[0m[0009] [Cards] Response time was 279.3 ms           
[36mINFO[0m[0009] [Cards] Response time was 299.588 ms         
[36mINFO[0m[0009] [Cards] Response time was 330.542 ms         
[36mINFO[0m[0010] [Cards] Response time was 161.119 ms         
[36mINFO[0m[0010] [Cards] Response time was 324.091 ms         
[36mINFO[0m[0010] [Cards] Response time was 311.278 ms         
[36mINFO[0m[0010] [Cards] Response time was 299.328 ms         
[36mINFO[0m[0010] [Cards] Response time was 328.817 ms         
[36mINFO[0m[0011] [Cards] Response time was 174.219 ms         
[36mINFO[0m[0011] [Cards] Response time was 359.499 ms         
[36mINFO[0m[0011] [Cards] Response time was 177.083 ms         
[36mINFO[0m[0011] [Cards] Response time was 309.249 ms         
[36mINFO[0m[0011] [Cards] Response time was 364.545 ms         
[36mINFO[0m[0012] [Cards] Response time was 342.197 ms         
[36mINFO[0m[0012] [Cards] Response time was 271.415 ms         
[36mINFO[0m[0012] [Cards] Response time was 187.867 ms         
[36mINFO[0m[0013] [Cards] Response time was 314.704 ms         
[36mINFO[0m[0013] [Cards] Response time was 323.377 ms         
[36mINFO[0m[0013] [Cards] Response time was 281.183 ms         
[36mINFO[0m[0014] [Cards] Response time was 316.088 ms         
[36mINFO[0m[0014] [Cards] Response time was 186.986 ms         
[36mINFO[0m[0014] [Cards] Response time was 382.972 ms         
[36mINFO[0m[0014] [Cards] Response time was 389.094 ms         
[36mINFO[0m[0015] [Cards] Response time was 169.187 ms         
[36mINFO[0m[0015] [Cards] Response time was 178.53 ms          
[36mINFO[0m[0015] [Cards] Response time was 183.719 ms         
[36mINFO[0m[0015] [Cards] Response time was 265.816 ms         
[36mINFO[0m[0015] [Cards] Response time was 309.573 ms         
[36mINFO[0m[0015] Preparing the tests summary...               
